puts 'Hello, world.'
Hello, world.
#   => nil
'Hello Ruby'.index('Ruby')
#   => 6
i = 0
#   => 0
while i < 10
  puts 'Hello, Jay!'
  i = i + 1
  end
Hello, Jay!
Hello, Jay!
Hello, Jay!
Hello, Jay!
Hello, Jay!
Hello, Jay!
Hello, Jay!
Hello, Jay!
Hello, Jay!
Hello, Jay!
#   => nil
i = 1
#   => 1
while i <= 10
  puts "This is sentence number #{i}"
  i = i + 1
  end
This is sentence number 1
This is sentence number 2
This is sentence number 3
This is sentence number 4
This is sentence number 5
This is sentence number 6
This is sentence number 7
This is sentence number 8
This is sentence number 9
This is sentence number 10
#   => nil